Flow report for GreenMachine
Mon Apr 18 00:12:09 2022
Quartus Prime Version 16.1.0 Build 196 10/24/2016 SJ Lite Edition


---------------------
; Table of Contents ;
---------------------
  1. Legal Notice
  2. Flow Summary
  3. Flow Settings
  4. Flow Non-Default Global Settings
  5. Flow Elapsed Time
  6. Flow OS Summary
  7. Flow Log
  8. Flow Messages
  9. Flow Suppressed Messages



----------------
; Legal Notice ;
----------------
Copyright (C) 2016  Intel Corporation. All rights reserved.
Your use of Intel Corporation's design tools, logic functions 
and other software and tools, and its AMPP partner logic 
functions, and any output files from any of the foregoing 
(including device programming or simulation files), and any 
associated documentation or information are expressly subject 
to the terms and conditions of the Intel Program License 
Subscription Agreement, the Intel Quartus Prime License Agreement,
the Intel MegaCore Function License Agreement, or other 
applicable license agreement, including, without limitation, 
that your use is for the sole purpose of programming logic 
devices manufactured by Intel and sold by Intel or its 
authorized distributors.  Please refer to the applicable 
agreement for further details.



+-------------------------------------------------------------------------------+
; Flow Summary                                                                  ;
+---------------------------------+---------------------------------------------+
; Flow Status                     ; Flow Failed - Mon Apr 18 00:12:09 2022      ;
; Quartus Prime Version           ; 16.1.0 Build 196 10/24/2016 SJ Lite Edition ;
; Revision Name                   ; GreenMachine                                ;
; Top-level Entity Name           ; DE10_Nano_golden_top                        ;
; Family                          ; Cyclone V                                   ;
; Device                          ; 5CSEBA6U23I7                                ;
; Timing Models                   ; Final                                       ;
; Logic utilization (in ALMs)     ; 1,798 / 41,910 ( 4 % )                      ;
; Total registers                 ; 2217                                        ;
; Total pins                      ; 179 / 314 ( 57 % )                          ;
; Total virtual pins              ; 0                                           ;
; Total block memory bits         ; 1,280,512 / 5,662,720 ( 23 % )              ;
; Total DSP Blocks                ; 0 / 112 ( 0 % )                             ;
; Total HSSI RX PCSs              ; 0                                           ;
; Total HSSI PMA RX Deserializers ; 0                                           ;
; Total HSSI TX PCSs              ; 0                                           ;
; Total HSSI PMA TX Serializers   ; 0                                           ;
; Total PLLs                      ; 0 / 6 ( 0 % )                               ;
; Total DLLs                      ; 0 / 4 ( 0 % )                               ;
+---------------------------------+---------------------------------------------+


+-----------------------------------------+
; Flow Settings                           ;
+-------------------+---------------------+
; Option            ; Setting             ;
+-------------------+---------------------+
; Start date & time ; 04/17/2022 23:57:44 ;
; Main task         ; Compilation         ;
; Revision Name     ; GreenMachine        ;
+-------------------+---------------------+


+----------------------------------------------------------------------------------------------------------------------------------------------------------------------------------+
; Flow Non-Default Global Settings                                                                                                                                                 ;
+-------------------------------------+----------------------------------------------------------------------------+---------------+----------------------------------+------------+
; Assignment Name                     ; Value                                                                      ; Default Value ; Entity Name                      ; Section Id ;
+-------------------------------------+----------------------------------------------------------------------------+---------------+----------------------------------+------------+
; COMPILER_SIGNATURE_ID               ; 88974379447782.165022006453164                                             ; --            ; --                               ; --         ;
; HPS_ISW_FILE                        ; GreenMachine/synthesis/submodules/sequencer/alt_types.pre.h                ; --            ; GreenMachine_hps_0_hps_io_border ; --         ;
; HPS_ISW_FILE                        ; GreenMachine/synthesis/submodules/sequencer/emif.pre.xml                   ; --            ; GreenMachine_hps_0_hps_io_border ; --         ;
; HPS_ISW_FILE                        ; GreenMachine/synthesis/submodules/sequencer/sdram_io.pre.h                 ; --            ; GreenMachine_hps_0_hps_io_border ; --         ;
; HPS_ISW_FILE                        ; GreenMachine/synthesis/submodules/sequencer/sequencer.pre.c                ; --            ; GreenMachine_hps_0_hps_io_border ; --         ;
; HPS_ISW_FILE                        ; GreenMachine/synthesis/submodules/sequencer/sequencer.pre.h                ; --            ; GreenMachine_hps_0_hps_io_border ; --         ;
; HPS_ISW_FILE                        ; GreenMachine/synthesis/submodules/sequencer/sequencer_auto.pre.h           ; --            ; GreenMachine_hps_0_hps_io_border ; --         ;
; HPS_ISW_FILE                        ; GreenMachine/synthesis/submodules/sequencer/sequencer_auto_ac_init.pre.c   ; --            ; GreenMachine_hps_0_hps_io_border ; --         ;
; HPS_ISW_FILE                        ; GreenMachine/synthesis/submodules/sequencer/sequencer_auto_inst_init.pre.c ; --            ; GreenMachine_hps_0_hps_io_border ; --         ;
; HPS_ISW_FILE                        ; GreenMachine/synthesis/submodules/sequencer/sequencer_defines.pre.h        ; --            ; GreenMachine_hps_0_hps_io_border ; --         ;
; HPS_ISW_FILE                        ; GreenMachine/synthesis/submodules/sequencer/system.pre.h                   ; --            ; GreenMachine_hps_0_hps_io_border ; --         ;
; HPS_ISW_FILE                        ; GreenMachine/synthesis/submodules/sequencer/tclrpt.pre.c                   ; --            ; GreenMachine_hps_0_hps_io_border ; --         ;
; HPS_ISW_FILE                        ; GreenMachine/synthesis/submodules/sequencer/tclrpt.pre.h                   ; --            ; GreenMachine_hps_0_hps_io_border ; --         ;
; HPS_ISW_FILE                        ; GreenMachine/synthesis/submodules/hps.pre.xml                              ; --            ; GreenMachine_hps_0_hps_io_border ; --         ;
; HPS_PARTITION                       ; On                                                                         ; --            ; GreenMachine_hps_0_hps_io_border ; --         ;
; MAX_CORE_JUNCTION_TEMP              ; 85                                                                         ; --            ; --                               ; --         ;
; MIN_CORE_JUNCTION_TEMP              ; 0                                                                          ; --            ; --                               ; --         ;
; MISC_FILE                           ; GreenMachine/synthesis/../GreenMachine.cmp                                 ; --            ; --                               ; --         ;
; MISC_FILE                           ; GreenMachine/synthesis/../../C                                             ; --            ; --                               ; --         ;
; MISC_FILE                           ; GreenMachine/synthesis/GreenMachine_hps_0_hps.svd                          ; --            ; --                               ; --         ;
; MISC_FILE                           ; GreenMachine/synthesis/../../GreenMachine.qsys                             ; --            ; --                               ; --         ;
; MISC_FILE                           ; GreenMachine/synthesis/submodules/sequencer/alt_types.pre.h                ; --            ; --                               ; --         ;
; MISC_FILE                           ; GreenMachine/synthesis/submodules/sequencer/emif.pre.xml                   ; --            ; --                               ; --         ;
; MISC_FILE                           ; GreenMachine/synthesis/submodules/sequencer/sdram_io.pre.h                 ; --            ; --                               ; --         ;
; MISC_FILE                           ; GreenMachine/synthesis/submodules/sequencer/sequencer.pre.c                ; --            ; --                               ; --         ;
; MISC_FILE                           ; GreenMachine/synthesis/submodules/sequencer/sequencer.pre.h                ; --            ; --                               ; --         ;
; MISC_FILE                           ; GreenMachine/synthesis/submodules/sequencer/sequencer_auto.pre.h           ; --            ; --                               ; --         ;
; MISC_FILE                           ; GreenMachine/synthesis/submodules/sequencer/sequencer_auto_ac_init.pre.c   ; --            ; --                               ; --         ;
; MISC_FILE                           ; GreenMachine/synthesis/submodules/sequencer/sequencer_auto_inst_init.pre.c ; --            ; --                               ; --         ;
; MISC_FILE                           ; GreenMachine/synthesis/submodules/sequencer/sequencer_defines.pre.h        ; --            ; --                               ; --         ;
; MISC_FILE                           ; GreenMachine/synthesis/submodules/sequencer/system.pre.h                   ; --            ; --                               ; --         ;
; MISC_FILE                           ; GreenMachine/synthesis/submodules/sequencer/tclrpt.pre.c                   ; --            ; --                               ; --         ;
; MISC_FILE                           ; GreenMachine/synthesis/submodules/sequencer/tclrpt.pre.h                   ; --            ; --                               ; --         ;
; MISC_FILE                           ; GreenMachine/synthesis/submodules/hps.pre.xml                              ; --            ; --                               ; --         ;
; PARTITION_COLOR                     ; -- (Not supported for targeted family)                                     ; --            ; DE10_Nano_golden_top             ; Top        ;
; PARTITION_FITTER_PRESERVATION_LEVEL ; -- (Not supported for targeted family)                                     ; --            ; DE10_Nano_golden_top             ; Top        ;
; PARTITION_NETLIST_TYPE              ; -- (Not supported for targeted family)                                     ; --            ; DE10_Nano_golden_top             ; Top        ;
; POWER_BOARD_THERMAL_MODEL           ; None (CONSERVATIVE)                                                        ; --            ; --                               ; --         ;
; POWER_PRESET_COOLING_SOLUTION       ; 23 MM HEAT SINK WITH 200 LFPM AIRFLOW                                      ; --            ; --                               ; --         ;
; PROJECT_OUTPUT_DIRECTORY            ; output_files                                                               ; --            ; --                               ; --         ;
; SLD_FILE                            ; GreenMachine/synthesis/GreenMachine.regmap                                 ; --            ; --                               ; --         ;
; SLD_FILE                            ; GreenMachine/synthesis/GreenMachine.debuginfo                              ; --            ; --                               ; --         ;
; SLD_INFO                            ; QSYS_NAME GreenMachine HAS_SOPCINFO 1 GENERATION_ID 1650218121             ; --            ; --                               ; --         ;
; SOPCINFO_FILE                       ; GreenMachine/synthesis/../../GreenMachine.sopcinfo                         ; --            ; --                               ; --         ;
; SYNTHESIS_ONLY_QIP                  ; On                                                                         ; --            ; --                               ; --         ;
; TOP_LEVEL_ENTITY                    ; DE10_Nano_golden_top                                                       ; GreenMachine  ; --                               ; --         ;
+-------------------------------------+----------------------------------------------------------------------------+---------------+----------------------------------+------------+


+--------------------------------------------------------------------------------------------------------------------------+
; Flow Elapsed Time                                                                                                        ;
+----------------------+--------------+-------------------------+---------------------+------------------------------------+
; Module Name          ; Elapsed Time ; Average Processors Used ; Peak Virtual Memory ; Total CPU Time (on all processors) ;
+----------------------+--------------+-------------------------+---------------------+------------------------------------+
; Analysis & Synthesis ; 00:00:50     ; 1.0                     ; 5176 MB             ; 00:01:17                           ;
; Fitter               ; 00:00:19     ; 1.0                     ; 5375 MB             ; 00:00:19                           ;
; Total                ; 00:01:09     ; --                      ; --                  ; 00:01:36                           ;
+----------------------+--------------+-------------------------+---------------------+------------------------------------+


+------------------------------------------------------------------------------------+
; Flow OS Summary                                                                    ;
+----------------------+------------------+------------+------------+----------------+
; Module Name          ; Machine Hostname ; OS Name    ; OS Version ; Processor type ;
+----------------------+------------------+------------+------------+----------------+
; Analysis & Synthesis ; Asus-Skye        ; Windows 10 ; 10.0       ; x86_64         ;
; Fitter               ; Asus-Skye        ; Windows 10 ; 10.0       ; x86_64         ;
+----------------------+------------------+------------+------------+----------------+


------------
; Flow Log ;
------------
quartus_map --read_settings_files=on --write_settings_files=off GreenMachine -c GreenMachine
quartus_fit --read_settings_files=on --write_settings_files=off GreenMachine -c GreenMachine



